# JRE version: Java(TM) SE Runtime Environment (8.0_101-b13) (build 1.8.0_101-b13)
# Java VM: Java HotSpot(TM) 64-Bit Server VM (25.101-b13 mixed mode windows-amd64 compressed oops)
Heap:
 PSYoungGen      total 153088K, used 21490K [0x00000000f5580000, 0x0000000100000000, 0x0000000100000000)
  eden space 131584K, 0% used [0x00000000f5580000,0x00000000f5580000,0x00000000fd600000)
  from space 21504K, 99% used [0x00000000fd600000,0x00000000feafca68,0x00000000feb00000)
  to   space 21504K, 0% used [0x00000000feb00000,0x00000000feb00000,0x0000000100000000)
 ParOldGen       total 175104K, used 26357K [0x00000000e0000000, 0x00000000eab00000, 0x00000000f5580000)
  object space 175104K, 15% used [0x00000000e0000000,0x00000000e19bd758,0x00000000eab00000)
 Metaspace       used 56676K, capacity 59016K, committed 59160K, reserved 1099776K
  class space    used 7883K, capacity 8466K, committed 8576K, reserved 1048576K
GC Heap History (10 events):
Event: 187.403 GC heap after
Heap after GC invocations=7 (full 1):
 PSYoungGen      total 145920K, used 9986K [0x00000000f5580000, 0x0000000100000000, 0x0000000100000000)
  eden space 131584K, 0% used [0x00000000f5580000,0x00000000f5580000,0x00000000fd600000)
  from space 14336K, 69% used [0x00000000fe380000,0x00000000fed40920,0x00000000ff180000)
  to   space 13824K, 0% used [0x00000000fd600000,0x00000000fd600000,0x00000000fe380000)
 ParOldGen       total 175104K, used 12878K [0x00000000e0000000, 0x00000000eab00000, 0x00000000f5580000)
  object space 175104K, 7% used [0x00000000e0000000,0x00000000e0c93aa0,0x00000000eab00000)
 Metaspace       used 34566K, capacity 35452K, committed 35496K, reserved 1079296K
  class space    used 4850K, capacity 5113K, committed 5120K, reserved 1048576K
}
Event: 187.403 GC heap before
{Heap before GC invocations=8 (full 2):
 PSYoungGen      total 145920K, used 9986K [0x00000000f5580000, 0x0000000100000000, 0x0000000100000000)
  eden space 131584K, 0% used [0x00000000f5580000,0x00000000f5580000,0x00000000fd600000)
  from space 14336K, 69% used [0x00000000fe380000,0x00000000fed40920,0x00000000ff180000)
  to   space 13824K, 0% used [0x00000000fd600000,0x00000000fd600000,0x00000000fe380000)
 ParOldGen       total 175104K, used 12878K [0x00000000e0000000, 0x00000000eab00000, 0x00000000f5580000)
  object space 175104K, 7% used [0x00000000e0000000,0x00000000e0c93aa0,0x00000000eab00000)
 Metaspace       used 34566K, capacity 35452K, committed 35496K, reserved 1079296K
  class space    used 4850K, capacity 5113K, committed 5120K, reserved 1048576K
Event: 189.262 GC heap after
Heap after GC invocations=8 (full 2):
 PSYoungGen      total 145920K, used 0K [0x00000000f5580000, 0x0000000100000000, 0x0000000100000000)
  eden space 131584K, 0% used [0x00000000f5580000,0x00000000f5580000,0x00000000fd600000)
  from space 14336K, 0% used [0x00000000fe380000,0x00000000fe380000,0x00000000ff180000)
  to   space 13824K, 0% used [0x00000000fd600000,0x00000000fd600000,0x00000000fe380000)
 ParOldGen       total 175104K, used 16670K [0x00000000e0000000, 0x00000000eab00000, 0x00000000f5580000)
  object space 175104K, 9% used [0x00000000e0000000,0x00000000e1047bd0,0x00000000eab00000)
 Metaspace       used 34566K, capacity 35452K, committed 35496K, reserved 1079296K
  class space    used 4850K, capacity 5113K, committed 5120K, reserved 1048576K
}
Event: 229.370 GC heap before
{Heap before GC invocations=9 (full 2):
 PSYoungGen      total 145920K, used 131584K [0x00000000f5580000, 0x0000000100000000, 0x0000000100000000)
  eden space 131584K, 100% used [0x00000000f5580000,0x00000000fd600000,0x00000000fd600000)
  from space 14336K, 0% used [0x00000000fe380000,0x00000000fe380000,0x00000000ff180000)
  to   space 13824K, 0% used [0x00000000fd600000,0x00000000fd600000,0x00000000fe380000)
 ParOldGen       total 175104K, used 16670K [0x00000000e0000000, 0x00000000eab00000, 0x00000000f5580000)
  object space 175104K, 9% used [0x00000000e0000000,0x00000000e1047bd0,0x00000000eab00000)
 Metaspace       used 45960K, capacity 47370K, committed 47488K, reserved 1089536K
  class space    used 6321K, capacity 6704K, committed 6784K, reserved 1048576K
Event: 229.707 GC heap after
Heap after GC invocations=9 (full 2):
 PSYoungGen      total 145408K, used 13808K [0x00000000f5580000, 0x0000000100000000, 0x0000000100000000)
  eden space 131584K, 0% used [0x00000000f5580000,0x00000000f5580000,0x00000000fd600000)
  from space 13824K, 99% used [0x00000000fd600000,0x00000000fe37c178,0x00000000fe380000)
  to   space 16896K, 0% used [0x00000000fef80000,0x00000000fef80000,0x0000000100000000)
 ParOldGen       total 175104K, used 19670K [0x00000000e0000000, 0x00000000eab00000, 0x00000000f5580000)
  object space 175104K, 11% used [0x00000000e0000000,0x00000000e1335870,0x00000000eab00000)
 Metaspace       used 45960K, capacity 47370K, committed 47488K, reserved 1089536K
  class space    used 6321K, capacity 6704K, committed 6784K, reserved 1048576K
}
Event: 326.466 GC heap before
{Heap before GC invocations=10 (full 2):
 PSYoungGen      total 145408K, used 145392K [0x00000000f5580000, 0x0000000100000000, 0x0000000100000000)
  eden space 131584K, 100% used [0x00000000f5580000,0x00000000fd600000,0x00000000fd600000)
  from space 13824K, 99% used [0x00000000fd600000,0x00000000fe37c178,0x00000000fe380000)
  to   space 16896K, 0% used [0x00000000fef80000,0x00000000fef80000,0x0000000100000000)
 ParOldGen       total 175104K, used 19670K [0x00000000e0000000, 0x00000000eab00000, 0x00000000f5580000)
  object space 175104K, 11% used [0x00000000e0000000,0x00000000e1335870,0x00000000eab00000)
 Metaspace       used 53934K, capacity 55850K, committed 55936K, reserved 1097728K
  class space    used 7520K, capacity 8050K, committed 8064K, reserved 1048576K
Event: 327.162 GC heap after
Heap after GC invocations=10 (full 2):
 PSYoungGen      total 148480K, used 16871K [0x00000000f5580000, 0x0000000100000000, 0x0000000100000000)
  eden space 131584K, 0% used [0x00000000f5580000,0x00000000f5580000,0x00000000fd600000)
  from space 16896K, 99% used [0x00000000fef80000,0x00000000ffff9dc0,0x0000000100000000)
  to   space 21504K, 0% used [0x00000000fd600000,0x00000000fd600000,0x00000000feb00000)
 ParOldGen       total 175104K, used 24572K [0x00000000e0000000, 0x00000000eab00000, 0x00000000f5580000)
  object space 175104K, 14% used [0x00000000e0000000,0x00000000e17ff3b0,0x00000000eab00000)
 Metaspace       used 53934K, capacity 55850K, committed 55936K, reserved 1097728K
  class space    used 7520K, capacity 8050K, committed 8064K, reserved 1048576K
}
Event: 345.575 GC heap before
{Heap before GC invocations=11 (full 2):
 PSYoungGen      total 148480K, used 75884K [0x00000000f5580000, 0x0000000100000000, 0x0000000100000000)
  eden space 131584K, 44% used [0x00000000f5580000,0x00000000f8f21618,0x00000000fd600000)
  from space 16896K, 99% used [0x00000000fef80000,0x00000000ffff9dc0,0x0000000100000000)
  to   space 21504K, 0% used [0x00000000fd600000,0x00000000fd600000,0x00000000feb00000)
 ParOldGen       total 175104K, used 24572K [0x00000000e0000000, 0x00000000eab00000, 0x00000000f5580000)
  object space 175104K, 14% used [0x00000000e0000000,0x00000000e17ff3b0,0x00000000eab00000)
 Metaspace       used 56676K, capacity 59016K, committed 59160K, reserved 1099776K
  class space    used 7883K, capacity 8466K, committed 8576K, reserved 1048576K
Event: 346.044 GC heap after
Heap after GC invocations=11 (full 2):
 PSYoungGen      total 153088K, used 21490K [0x00000000f5580000, 0x0000000100000000, 0x0000000100000000)
  eden space 131584K, 0% used [0x00000000f5580000,0x00000000f5580000,0x00000000fd600000)
  from space 21504K, 99% used [0x00000000fd600000,0x00000000feafca68,0x00000000feb00000)
  to   space 21504K, 0% used [0x00000000feb00000,0x00000000feb00000,0x0000000100000000)
 ParOldGen       total 175104K, used 26357K [0x00000000e0000000, 0x00000000eab00000, 0x00000000f5580000)
  object space 175104K, 15% used [0x00000000e0000000,0x00000000e19bd758,0x00000000eab00000)
 Metaspace       used 56676K, capacity 59016K, committed 59160K, reserved 1099776K
  class space    used 7883K, capacity 8466K, committed 8576K, reserved 1048576K
}
Event: 346.044 GC heap before
{Heap before GC invocations=12 (full 3):
 PSYoungGen      total 153088K, used 21490K [0x00000000f5580000, 0x0000000100000000, 0x0000000100000000)
  eden space 131584K, 0% used [0x00000000f5580000,0x00000000f5580000,0x00000000fd600000)
  from space 21504K, 99% used [0x00000000fd600000,0x00000000feafca68,0x00000000feb00000)
  to   space 21504K, 0% used [0x00000000feb00000,0x00000000feb00000,0x0000000100000000)
 ParOldGen       total 175104K, used 26357K [0x00000000e0000000, 0x00000000eab00000, 0x00000000f5580000)
  object space 175104K, 15% used [0x00000000e0000000,0x00000000e19bd758,0x00000000eab00000)
 Metaspace       used 56676K, capacity 59016K, committed 59160K, reserved 1099776K
  class space    used 7883K, capacity 8466K, committed 8576K, reserved 1048576K

